ERROR|Fri, 01 Nov 2013 00:28:36 -0400|visitor|content|/_themes/magnus/img/album/whateverittakes.jpg|173.252.112.112|live|404 - Page not found. Visitor came directly to this page and may have typed the URL incorrectly.
ERROR|Fri, 01 Nov 2013 00:28:37 -0400|visitor|content|/_themes/magnus/img/album/whateverittakes.jpg|173.252.112.115|live|404 - Page not found. Visitor came directly to this page and may have typed the URL incorrectly.
ERROR|Fri, 01 Nov 2013 00:36:51 -0400|visitor|content|/_themes/magnus/img/album/whateverittakes.jpg|173.252.112.115|live|404 - Page not found. Visitor came directly to this page and may have typed the URL incorrectly.
ERROR|Fri, 01 Nov 2013 00:36:52 -0400|visitor|content|/_themes/magnus/img/album/whateverittakes.jpg|173.252.112.112|live|404 - Page not found. Visitor came directly to this page and may have typed the URL incorrectly.
ERROR|Fri, 01 Nov 2013 00:54:57 -0400|visitor|content|/robots.txt|157.56.93.187|live|404 - Page not found. Visitor came directly to this page and may have typed the URL incorrectly.
ERROR|Fri, 01 Nov 2013 00:57:12 -0400|visitor|content|/robots.txt|100.43.83.156|live|404 - Page not found. Visitor came directly to this page and may have typed the URL incorrectly.
ERROR|Fri, 01 Nov 2013 00:57:12 -0400|visitor|content|/robots.txt|100.43.83.156|live|404 - Page not found. Visitor came directly to this page and may have typed the URL incorrectly.
ERROR|Fri, 01 Nov 2013 00:57:13 -0400|visitor|content|/robots.txt|100.43.83.156|live|404 - Page not found. Visitor came directly to this page and may have typed the URL incorrectly.
ERROR|Fri, 01 Nov 2013 00:57:13 -0400|visitor|content|/robots.txt|100.43.83.156|live|404 - Page not found. Visitor came directly to this page and may have typed the URL incorrectly.
ERROR|Fri, 01 Nov 2013 00:57:14 -0400|visitor|content|/robots.txt|100.43.83.156|live|404 - Page not found. Visitor came directly to this page and may have typed the URL incorrectly.
ERROR|Fri, 01 Nov 2013 00:57:14 -0400|visitor|content|/robots.txt|100.43.83.156|live|404 - Page not found. Visitor came directly to this page and may have typed the URL incorrectly.
ERROR|Fri, 01 Nov 2013 01:21:11 -0400|visitor|content|/robots.txt|66.249.73.240|live|404 - Page not found. Visitor came directly to this page and may have typed the URL incorrectly.
ERROR|Fri, 01 Nov 2013 03:32:43 -0400|visitor|content|/_themes/magnus/img/album/whateverittakes.jpg|173.252.112.116|live|404 - Page not found. Visitor came directly to this page and may have typed the URL incorrectly.
ERROR|Fri, 01 Nov 2013 03:32:44 -0400|visitor|content|/_themes/magnus/img/album/whateverittakes.jpg|173.252.112.116|live|404 - Page not found. Visitor came directly to this page and may have typed the URL incorrectly.
INFO|Fri, 01 Nov 2013 03:42:15 -0400|site|favicon|/favicon.ico|209.121.225.215|live|The site favicon could not be found.
INFO|Fri, 01 Nov 2013 03:51:35 -0400|site|favicon|/favicon.ico|174.6.113.157|live|The site favicon could not be found.
FATAL|Fri, 01 Nov 2013 04:09:58 -0400|Lex|Parser|/|174.6.113.157|live|You have a syntax error in your Lex tags. The offending code: <!doctype html>
<html>

<head>
  <script type="text/javascript">var _sf_startpt=(new Date()).getTime()</script>
  <meta charset="utf-8">
  <meta name="viewport" content="width=device-width, initial-scale=1">
  <title>{{ title }} · {{ _site_name }}</title>
  <link rel="stylesheet" href="{{ theme:css  }}">

  <script type="text/javascript" src="//use.typekit.net/smx7oto.js"></script>
  <script type="text/javascript">try{Typekit.load();}catch(e){}</script>
  <script type="text/javascript" src="https://gumroad.com/js/gumroad.js"></script>
  <script type="text/javascript" src="{{ theme:js src="jquery-1.7.2.min.js" }}"></script>
  <script type="text/javascript" src="{{ theme:js src="jquery.fitvids.js" }}"></script>
  <script type="text/javascript" src="{{ theme:js }}"></script>
</head>

<body>
  <div id="fb-root"></div>
  <script>(function(d, s, id) {
    var js, fjs = d.getElementsByTagName(s)[0];
    if (d.getElementById(id)) return;
    js = d.createElement(s); js.id = id;
    js.src = "//connect.facebook.net/en_US/all.js#xfbml=1&appId=131662193540058";
    fjs.parentNode.insertBefore(js, fjs);
  }(document, 'script', 'facebook-jssdk'));</script>
  
  <div class="container">
    <header role="banner">
      {{ theme:partial src="nav" }}
    </header>
    
    <div class="content">
      if (null = null): 
      <div class="vid" style="margin-bottom: 2em;">
        <iframe src="//player.vimeo.com/video/74803912?autoplay=1&amp;title=0&amp;byline=0&amp;portrait=0&amp;color=a02328" width="1554" height="646" frameborder="0" webkitallowfullscreen mozallowfullscreen allowfullscreen></iframe>
      </div>
      endif; 
      <div role="main">
        {{ layout_content }}
      </div>
      {{ theme:partial src="aside1" }}
      {{ theme:partial src="aside2" }}
    </div>
  </div>
  <!-- GoSquared -->
  <script type="text/javascript">
    var GoSquared = {};
    GoSquared.acct = "GSN-698677-B";
    (function(w){
      function gs(){
        w._gstc_lt = +new Date;
        var d = document, g = d.createElement("script");
        g.type = "text/javascript";
        g.src = "//d1l6p2sc9645hc.cloudfront.net/tracker.js";
        var s = d.getElementsByTagName("script")[0];
        s.parentNode.insertBefore(g, s);
      }
      w.addEventListener ?
        w.addEventListener("load", gs, false) :
        w.attachEvent("onload", gs);
    })(window);
  </script>
  <!-- Chartbeat -->
  <script type="text/javascript">
    var _sf_async_config = { uid: 48315, domain: 'magnusrising.com', useCanonical: true };
    (function() {
      function loadChartbeat() {
        window._sf_endpt = (new Date()).getTime();
        var e = document.createElement('script');
        e.setAttribute('language', 'javascript');
        e.setAttribute('type', 'text/javascript');
        e.setAttribute('src','//static.chartbeat.com/js/chartbeat.js');
        document.body.appendChild(e);
      };
      var oldonload = window.onload;
      window.onload = (typeof window.onload != 'function') ?
        loadChartbeat : function() { oldonload(); loadChartbeat(); };
    })();
  </script>
  <!-- Google Analytics-->
  <script>
    (function(i,s,o,g,r,a,m){i['GoogleAnalyticsObject']=r;i[r]=i[r]||function(){
    (i[r].q=i[r].q||[]).push(arguments)},i[r].l=1*new Date();a=s.createElement(o),
    m=s.getElementsByTagName(o)[0];a.async=1;a.src=g;m.parentNode.insertBefore(a,m)
    })(window,document,'script','//www.google-analytics.com/analytics.js','ga');
    ga('create', 'UA-41297818-1', 'magnusrising.com');
    ga('send', 'pageview');
  </script>
</body>
</html>

 on line 1191.
exception 'Lex\ParsingException' with message 'You have a syntax error in your Lex tags. The offending code: <!doctype html>
<html>

<head>
  <script type="text/javascript">var _sf_startpt=(new Date()).getTime()</script>
  <meta charset="utf-8">
  <meta name="viewport" content="width=device-width, initial-scale=1">
  <title>{{ title }} · {{ _site_name }}</title>
  <link rel="stylesheet" href="{{ theme:css  }}">

  <script type="text/javascript" src="//use.typekit.net/smx7oto.js"></script>
  <script type="text/javascript">try{Typekit.load();}catch(e){}</script>
  <script type="text/javascript" src="https://gumroad.com/js/gumroad.js"></script>
  <script type="text/javascript" src="{{ theme:js src="jquery-1.7.2.min.js" }}"></script>
  <script type="text/javascript" src="{{ theme:js src="jquery.fitvids.js" }}"></script>
  <script type="text/javascript" src="{{ theme:js }}"></script>
</head>

<body>
  <div id="fb-root"></div>
  <script>(function(d, s, id) {
    var js, fjs = d.getElementsByTagName(s)[0];
    if (d.getElementById(id)) return;
    js = d.createElement(s); js.id = id;
    js.src = "//connect.facebook.net/en_US/all.js#xfbml=1&appId=131662193540058";
    fjs.parentNode.insertBefore(js, fjs);
  }(document, 'script', 'facebook-jssdk'));</script>
  
  <div class="container">
    <header role="banner">
      {{ theme:partial src="nav" }}
    </header>
    
    <div class="content">
      if (null = null): 
      <div class="vid" style="margin-bottom: 2em;">
        <iframe src="//player.vimeo.com/video/74803912?autoplay=1&amp;title=0&amp;byline=0&amp;portrait=0&amp;color=a02328" width="1554" height="646" frameborder="0" webkitallowfullscreen mozallowfullscreen allowfullscreen></iframe>
      </div>
      endif; 
      <div role="main">
        {{ layout_content }}
      </div>
      {{ theme:partial src="aside1" }}
      {{ theme:partial src="aside2" }}
    </div>
  </div>
  <!-- GoSquared -->
  <script type="text/javascript">
    var GoSquared = {};
    GoSquared.acct = "GSN-698677-B";
    (function(w){
      function gs(){
        w._gstc_lt = +new Date;
        var d = document, g = d.createElement("script");
        g.type = "text/javascript";
        g.src = "//d1l6p2sc9645hc.cloudfront.net/tracker.js";
        var s = d.getElementsByTagName("script")[0];
        s.parentNode.insertBefore(g, s);
      }
      w.addEventListener ?
        w.addEventListener("load", gs, false) :
        w.attachEvent("onload", gs);
    })(window);
  </script>
  <!-- Chartbeat -->
  <script type="text/javascript">
    var _sf_async_config = { uid: 48315, domain: 'magnusrising.com', useCanonical: true };
    (function() {
      function loadChartbeat() {
        window._sf_endpt = (new Date()).getTime();
        var e = document.createElement('script');
        e.setAttribute('language', 'javascript');
        e.setAttribute('type', 'text/javascript');
        e.setAttribute('src','//static.chartbeat.com/js/chartbeat.js');
        document.body.appendChild(e);
      };
      var oldonload = window.onload;
      window.onload = (typeof window.onload != 'function') ?
        loadChartbeat : function() { oldonload(); loadChartbeat(); };
    })();
  </script>
  <!-- Google Analytics-->
  <script>
    (function(i,s,o,g,r,a,m){i['GoogleAnalyticsObject']=r;i[r]=i[r]||function(){
    (i[r].q=i[r].q||[]).push(arguments)},i[r].l=1*new Date();a=s.createElement(o),
    m=s.getElementsByTagName(o)[0];a.async=1;a.src=g;m.parentNode.insertBefore(a,m)
    })(window,document,'script','//www.google-analytics.com/analytics.js','ga');
    ga('create', 'UA-41297818-1', 'magnusrising.com');
    ga('send', 'pageview');
  </script>
</body>
</html>

' in /nfs/c01/h12/mnt/45094/domains/magnusrising.com/html/_app/vendor/Lex/Parser.php:1191
Stack trace:
#0 /nfs/c01/h12/mnt/45094/domains/magnusrising.com/html/_app/vendor/Lex/Parser.php(549): Lex\Parser->parsePhp('<!doctype html>...')
#1 /nfs/c01/h12/mnt/45094/domains/magnusrising.com/html/_app/vendor/Lex/Parser.php(76): Lex\Parser->parseConditionals('<!doctype html>...', Array, Array)
#2 /nfs/c01/h12/mnt/45094/domains/magnusrising.com/html/_app/core/view.php(125): Lex\Parser->parse('<!doctype html>...', Array, Array, true)
#3 /nfs/c01/h12/mnt/45094/domains/magnusrising.com/html/_app/core/view.php(99): Statamic_View->_render_layout(' <article class...', 'html')
#4 /nfs/c01/h12/mnt/45094/domains/magnusrising.com/html/_app/vendor/Slim/View.php(195): Statamic_View->render(NULL)
#5 /nfs/c01/h12/mnt/45094/domains/magnusrising.com/html/_app/vendor/Slim/View.php(182): Slim\View->fetch(NULL)
#6 /nfs/c01/h12/mnt/45094/domains/magnusrising.com/html/_app/vendor/Slim/Slim.php(672): Slim\View->display(NULL)
#7 /nfs/c01/h12/mnt/45094/domains/magnusrising.com/html/_app/routes.php(274): Slim\Slim->render(NULL, Array, 200)
#8 [internal function]: {closure}()
#9 /nfs/c01/h12/mnt/45094/domains/magnusrising.com/html/_app/vendor/Slim/Router.php(172): call_user_func_array(Object(Closure), Array)
#10 /nfs/c01/h12/mnt/45094/domains/magnusrising.com/html/_app/vendor/Slim/Slim.php(1222): Slim\Router->dispatch(Object(Slim\Route))
#11 /nfs/c01/h12/mnt/45094/domains/magnusrising.com/html/_app/vendor/Slim/Middleware/Flash.php(86): Slim\Slim->call()
#12 /nfs/c01/h12/mnt/45094/domains/magnusrising.com/html/_app/vendor/Slim/Middleware/MethodOverride.php(94): Slim\Middleware\Flash->call()
#13 /nfs/c01/h12/mnt/45094/domains/magnusrising.com/html/_app/vendor/Slim/Middleware/SessionCookie.php(116): Slim\Middleware\MethodOverride->call()
#14 /nfs/c01/h12/mnt/45094/domains/magnusrising.com/html/_app/vendor/Slim/Middleware/PrettyExceptions.php(67): Slim\Middleware\SessionCookie->call()
#15 /nfs/c01/h12/mnt/45094/domains/magnusrising.com/html/_app/vendor/Slim/Slim.php(1174): Slim\Middleware\PrettyExceptions->call()
#16 /nfs/c01/h12/mnt/45094/domains/magnusrising.com/html/index.php(65): Slim\Slim->run()
#17 {main}
ERROR|Fri, 01 Nov 2013 04:09:59 -0400|page|content|/{{%20theme:js%20src=|174.6.113.157|live|404 - Page not found. There is a bad link on <a href="/">/</a>.
ERROR|Fri, 01 Nov 2013 04:09:59 -0400|page|content|/{{%20theme:js%20}}|174.6.113.157|live|404 - Page not found. There is a bad link on <a href="/">/</a>.
FATAL|Fri, 01 Nov 2013 04:09:59 -0400|Lex|Parser|/{{%20theme:js%20src=|174.6.113.157|live|You have a syntax error in your Lex tags. The offending code: <!doctype html>
<html>

<head>
  <script type="text/javascript">var _sf_startpt=(new Date()).getTime()</script>
  <meta charset="utf-8">
  <meta name="viewport" content="width=device-width, initial-scale=1">
  <title>{{ title }} · {{ _site_name }}</title>
  <link rel="stylesheet" href="{{ theme:css  }}">

  <script type="text/javascript" src="//use.typekit.net/smx7oto.js"></script>
  <script type="text/javascript">try{Typekit.load();}catch(e){}</script>
  <script type="text/javascript" src="https://gumroad.com/js/gumroad.js"></script>
  <script type="text/javascript" src="{{ theme:js src="jquery-1.7.2.min.js" }}"></script>
  <script type="text/javascript" src="{{ theme:js src="jquery.fitvids.js" }}"></script>
  <script type="text/javascript" src="{{ theme:js }}"></script>
</head>

<body>
  <div id="fb-root"></div>
  <script>(function(d, s, id) {
    var js, fjs = d.getElementsByTagName(s)[0];
    if (d.getElementById(id)) return;
    js = d.createElement(s); js.id = id;
    js.src = "//connect.facebook.net/en_US/all.js#xfbml=1&appId=131662193540058";
    fjs.parentNode.insertBefore(js, fjs);
  }(document, 'script', 'facebook-jssdk'));</script>
  
  <div class="container">
    <header role="banner">
      {{ theme:partial src="nav" }}
    </header>
    
    <div class="content">
      if (null = null): 
      <div class="vid" style="margin-bottom: 2em;">
        <iframe src="//player.vimeo.com/video/74803912?autoplay=1&amp;title=0&amp;byline=0&amp;portrait=0&amp;color=a02328" width="1554" height="646" frameborder="0" webkitallowfullscreen mozallowfullscreen allowfullscreen></iframe>
      </div>
      endif; 
      <div role="main">
        {{ layout_content }}
      </div>
      {{ theme:partial src="aside1" }}
      {{ theme:partial src="aside2" }}
    </div>
  </div>
  <!-- GoSquared -->
  <script type="text/javascript">
    var GoSquared = {};
    GoSquared.acct = "GSN-698677-B";
    (function(w){
      function gs(){
        w._gstc_lt = +new Date;
        var d = document, g = d.createElement("script");
        g.type = "text/javascript";
        g.src = "//d1l6p2sc9645hc.cloudfront.net/tracker.js";
        var s = d.getElementsByTagName("script")[0];
        s.parentNode.insertBefore(g, s);
      }
      w.addEventListener ?
        w.addEventListener("load", gs, false) :
        w.attachEvent("onload", gs);
    })(window);
  </script>
  <!-- Chartbeat -->
  <script type="text/javascript">
    var _sf_async_config = { uid: 48315, domain: 'magnusrising.com', useCanonical: true };
    (function() {
      function loadChartbeat() {
        window._sf_endpt = (new Date()).getTime();
        var e = document.createElement('script');
        e.setAttribute('language', 'javascript');
        e.setAttribute('type', 'text/javascript');
        e.setAttribute('src','//static.chartbeat.com/js/chartbeat.js');
        document.body.appendChild(e);
      };
      var oldonload = window.onload;
      window.onload = (typeof window.onload != 'function') ?
        loadChartbeat : function() { oldonload(); loadChartbeat(); };
    })();
  </script>
  <!-- Google Analytics-->
  <script>
    (function(i,s,o,g,r,a,m){i['GoogleAnalyticsObject']=r;i[r]=i[r]||function(){
    (i[r].q=i[r].q||[]).push(arguments)},i[r].l=1*new Date();a=s.createElement(o),
    m=s.getElementsByTagName(o)[0];a.async=1;a.src=g;m.parentNode.insertBefore(a,m)
    })(window,document,'script','//www.google-analytics.com/analytics.js','ga');
    ga('create', 'UA-41297818-1', 'magnusrising.com');
    ga('send', 'pageview');
  </script>
</body>
</html>

 on line 1191.
exception 'Lex\ParsingException' with message 'You have a syntax error in your Lex tags. The offending code: <!doctype html>
<html>

<head>
  <script type="text/javascript">var _sf_startpt=(new Date()).getTime()</script>
  <meta charset="utf-8">
  <meta name="viewport" content="width=device-width, initial-scale=1">
  <title>{{ title }} · {{ _site_name }}</title>
  <link rel="stylesheet" href="{{ theme:css  }}">

  <script type="text/javascript" src="//use.typekit.net/smx7oto.js"></script>
  <script type="text/javascript">try{Typekit.load();}catch(e){}</script>
  <script type="text/javascript" src="https://gumroad.com/js/gumroad.js"></script>
  <script type="text/javascript" src="{{ theme:js src="jquery-1.7.2.min.js" }}"></script>
  <script type="text/javascript" src="{{ theme:js src="jquery.fitvids.js" }}"></script>
  <script type="text/javascript" src="{{ theme:js }}"></script>
</head>

<body>
  <div id="fb-root"></div>
  <script>(function(d, s, id) {
    var js, fjs = d.getElementsByTagName(s)[0];
    if (d.getElementById(id)) return;
    js = d.createElement(s); js.id = id;
    js.src = "//connect.facebook.net/en_US/all.js#xfbml=1&appId=131662193540058";
    fjs.parentNode.insertBefore(js, fjs);
  }(document, 'script', 'facebook-jssdk'));</script>
  
  <div class="container">
    <header role="banner">
      {{ theme:partial src="nav" }}
    </header>
    
    <div class="content">
      if (null = null): 
      <div class="vid" style="margin-bottom: 2em;">
        <iframe src="//player.vimeo.com/video/74803912?autoplay=1&amp;title=0&amp;byline=0&amp;portrait=0&amp;color=a02328" width="1554" height="646" frameborder="0" webkitallowfullscreen mozallowfullscreen allowfullscreen></iframe>
      </div>
      endif; 
      <div role="main">
        {{ layout_content }}
      </div>
      {{ theme:partial src="aside1" }}
      {{ theme:partial src="aside2" }}
    </div>
  </div>
  <!-- GoSquared -->
  <script type="text/javascript">
    var GoSquared = {};
    GoSquared.acct = "GSN-698677-B";
    (function(w){
      function gs(){
        w._gstc_lt = +new Date;
        var d = document, g = d.createElement("script");
        g.type = "text/javascript";
        g.src = "//d1l6p2sc9645hc.cloudfront.net/tracker.js";
        var s = d.getElementsByTagName("script")[0];
        s.parentNode.insertBefore(g, s);
      }
      w.addEventListener ?
        w.addEventListener("load", gs, false) :
        w.attachEvent("onload", gs);
    })(window);
  </script>
  <!-- Chartbeat -->
  <script type="text/javascript">
    var _sf_async_config = { uid: 48315, domain: 'magnusrising.com', useCanonical: true };
    (function() {
      function loadChartbeat() {
        window._sf_endpt = (new Date()).getTime();
        var e = document.createElement('script');
        e.setAttribute('language', 'javascript');
        e.setAttribute('type', 'text/javascript');
        e.setAttribute('src','//static.chartbeat.com/js/chartbeat.js');
        document.body.appendChild(e);
      };
      var oldonload = window.onload;
      window.onload = (typeof window.onload != 'function') ?
        loadChartbeat : function() { oldonload(); loadChartbeat(); };
    })();
  </script>
  <!-- Google Analytics-->
  <script>
    (function(i,s,o,g,r,a,m){i['GoogleAnalyticsObject']=r;i[r]=i[r]||function(){
    (i[r].q=i[r].q||[]).push(arguments)},i[r].l=1*new Date();a=s.createElement(o),
    m=s.getElementsByTagName(o)[0];a.async=1;a.src=g;m.parentNode.insertBefore(a,m)
    })(window,document,'script','//www.google-analytics.com/analytics.js','ga');
    ga('create', 'UA-41297818-1', 'magnusrising.com');
    ga('send', 'pageview');
  </script>
</body>
</html>

' in /nfs/c01/h12/mnt/45094/domains/magnusrising.com/html/_app/vendor/Lex/Parser.php:1191
Stack trace:
#0 /nfs/c01/h12/mnt/45094/domains/magnusrising.com/html/_app/vendor/Lex/Parser.php(549): Lex\Parser->parsePhp('<!doctype html>...')
#1 /nfs/c01/h12/mnt/45094/domains/magnusrising.com/html/_app/vendor/Lex/Parser.php(76): Lex\Parser->parseConditionals('<!doctype html>...', Array, Array)
#2 /nfs/c01/h12/mnt/45094/domains/magnusrising.com/html/_app/core/view.php(125): Lex\Parser->parse('<!doctype html>...', Array, Array, true)
#3 /nfs/c01/h12/mnt/45094/domains/magnusrising.com/html/_app/core/view.php(99): Statamic_View->_render_layout('<div class="blo...', 'html')
#4 /nfs/c01/h12/mnt/45094/domains/magnusrising.com/html/_app/vendor/Slim/View.php(195): Statamic_View->render(NULL)
#5 /nfs/c01/h12/mnt/45094/domains/magnusrising.com/html/_app/vendor/Slim/View.php(182): Slim\View->fetch(NULL)
#6 /nfs/c01/h12/mnt/45094/domains/magnusrising.com/html/_app/vendor/Slim/Slim.php(672): Slim\View->display(NULL)
#7 /nfs/c01/h12/mnt/45094/domains/magnusrising.com/html/_app/routes.php(274): Slim\Slim->render(NULL, Array, 404)
#8 [internal function]: {closure}(Array)
#9 /nfs/c01/h12/mnt/45094/domains/magnusrising.com/html/_app/vendor/Slim/Router.php(172): call_user_func_array(Object(Closure), Array)
#10 /nfs/c01/h12/mnt/45094/domains/magnusrising.com/html/_app/vendor/Slim/Slim.php(1222): Slim\Router->dispatch(Object(Slim\Route))
#11 /nfs/c01/h12/mnt/45094/domains/magnusrising.com/html/_app/vendor/Slim/Middleware/Flash.php(86): Slim\Slim->call()
#12 /nfs/c01/h12/mnt/45094/domains/magnusrising.com/html/_app/vendor/Slim/Middleware/MethodOverride.php(94): Slim\Middleware\Flash->call()
#13 /nfs/c01/h12/mnt/45094/domains/magnusrising.com/html/_app/vendor/Slim/Middleware/SessionCookie.php(116): Slim\Middleware\MethodOverride->call()
#14 /nfs/c01/h12/mnt/45094/domains/magnusrising.com/html/_app/vendor/Slim/Middleware/PrettyExceptions.php(67): Slim\Middleware\SessionCookie->call()
#15 /nfs/c01/h12/mnt/45094/domains/magnusrising.com/html/_app/vendor/Slim/Slim.php(1174): Slim\Middleware\PrettyExceptions->call()
#16 /nfs/c01/h12/mnt/45094/domains/magnusrising.com/html/index.php(65): Slim\Slim->run()
#17 {main}
FATAL|Fri, 01 Nov 2013 04:09:59 -0400|Lex|Parser|/{{%20theme:js%20}}|174.6.113.157|live|You have a syntax error in your Lex tags. The offending code: <!doctype html>
<html>

<head>
  <script type="text/javascript">var _sf_startpt=(new Date()).getTime()</script>
  <meta charset="utf-8">
  <meta name="viewport" content="width=device-width, initial-scale=1">
  <title>{{ title }} · {{ _site_name }}</title>
  <link rel="stylesheet" href="{{ theme:css  }}">

  <script type="text/javascript" src="//use.typekit.net/smx7oto.js"></script>
  <script type="text/javascript">try{Typekit.load();}catch(e){}</script>
  <script type="text/javascript" src="https://gumroad.com/js/gumroad.js"></script>
  <script type="text/javascript" src="{{ theme:js src="jquery-1.7.2.min.js" }}"></script>
  <script type="text/javascript" src="{{ theme:js src="jquery.fitvids.js" }}"></script>
  <script type="text/javascript" src="{{ theme:js }}"></script>
</head>

<body>
  <div id="fb-root"></div>
  <script>(function(d, s, id) {
    var js, fjs = d.getElementsByTagName(s)[0];
    if (d.getElementById(id)) return;
    js = d.createElement(s); js.id = id;
    js.src = "//connect.facebook.net/en_US/all.js#xfbml=1&appId=131662193540058";
    fjs.parentNode.insertBefore(js, fjs);
  }(document, 'script', 'facebook-jssdk'));</script>
  
  <div class="container">
    <header role="banner">
      {{ theme:partial src="nav" }}
    </header>
    
    <div class="content">
      if (null = null): 
      <div class="vid" style="margin-bottom: 2em;">
        <iframe src="//player.vimeo.com/video/74803912?autoplay=1&amp;title=0&amp;byline=0&amp;portrait=0&amp;color=a02328" width="1554" height="646" frameborder="0" webkitallowfullscreen mozallowfullscreen allowfullscreen></iframe>
      </div>
      endif; 
      <div role="main">
        {{ layout_content }}
      </div>
      {{ theme:partial src="aside1" }}
      {{ theme:partial src="aside2" }}
    </div>
  </div>
  <!-- GoSquared -->
  <script type="text/javascript">
    var GoSquared = {};
    GoSquared.acct = "GSN-698677-B";
    (function(w){
      function gs(){
        w._gstc_lt = +new Date;
        var d = document, g = d.createElement("script");
        g.type = "text/javascript";
        g.src = "//d1l6p2sc9645hc.cloudfront.net/tracker.js";
        var s = d.getElementsByTagName("script")[0];
        s.parentNode.insertBefore(g, s);
      }
      w.addEventListener ?
        w.addEventListener("load", gs, false) :
        w.attachEvent("onload", gs);
    })(window);
  </script>
  <!-- Chartbeat -->
  <script type="text/javascript">
    var _sf_async_config = { uid: 48315, domain: 'magnusrising.com', useCanonical: true };
    (function() {
      function loadChartbeat() {
        window._sf_endpt = (new Date()).getTime();
        var e = document.createElement('script');
        e.setAttribute('language', 'javascript');
        e.setAttribute('type', 'text/javascript');
        e.setAttribute('src','//static.chartbeat.com/js/chartbeat.js');
        document.body.appendChild(e);
      };
      var oldonload = window.onload;
      window.onload = (typeof window.onload != 'function') ?
        loadChartbeat : function() { oldonload(); loadChartbeat(); };
    })();
  </script>
  <!-- Google Analytics-->
  <script>
    (function(i,s,o,g,r,a,m){i['GoogleAnalyticsObject']=r;i[r]=i[r]||function(){
    (i[r].q=i[r].q||[]).push(arguments)},i[r].l=1*new Date();a=s.createElement(o),
    m=s.getElementsByTagName(o)[0];a.async=1;a.src=g;m.parentNode.insertBefore(a,m)
    })(window,document,'script','//www.google-analytics.com/analytics.js','ga');
    ga('create', 'UA-41297818-1', 'magnusrising.com');
    ga('send', 'pageview');
  </script>
</body>
</html>

 on line 1191.
exception 'Lex\ParsingException' with message 'You have a syntax error in your Lex tags. The offending code: <!doctype html>
<html>

<head>
  <script type="text/javascript">var _sf_startpt=(new Date()).getTime()</script>
  <meta charset="utf-8">
  <meta name="viewport" content="width=device-width, initial-scale=1">
  <title>{{ title }} · {{ _site_name }}</title>
  <link rel="stylesheet" href="{{ theme:css  }}">

  <script type="text/javascript" src="//use.typekit.net/smx7oto.js"></script>
  <script type="text/javascript">try{Typekit.load();}catch(e){}</script>
  <script type="text/javascript" src="https://gumroad.com/js/gumroad.js"></script>
  <script type="text/javascript" src="{{ theme:js src="jquery-1.7.2.min.js" }}"></script>
  <script type="text/javascript" src="{{ theme:js src="jquery.fitvids.js" }}"></script>
  <script type="text/javascript" src="{{ theme:js }}"></script>
</head>

<body>
  <div id="fb-root"></div>
  <script>(function(d, s, id) {
    var js, fjs = d.getElementsByTagName(s)[0];
    if (d.getElementById(id)) return;
    js = d.createElement(s); js.id = id;
    js.src = "//connect.facebook.net/en_US/all.js#xfbml=1&appId=131662193540058";
    fjs.parentNode.insertBefore(js, fjs);
  }(document, 'script', 'facebook-jssdk'));</script>
  
  <div class="container">
    <header role="banner">
      {{ theme:partial src="nav" }}
    </header>
    
    <div class="content">
      if (null = null): 
      <div class="vid" style="margin-bottom: 2em;">
        <iframe src="//player.vimeo.com/video/74803912?autoplay=1&amp;title=0&amp;byline=0&amp;portrait=0&amp;color=a02328" width="1554" height="646" frameborder="0" webkitallowfullscreen mozallowfullscreen allowfullscreen></iframe>
      </div>
      endif; 
      <div role="main">
        {{ layout_content }}
      </div>
      {{ theme:partial src="aside1" }}
      {{ theme:partial src="aside2" }}
    </div>
  </div>
  <!-- GoSquared -->
  <script type="text/javascript">
    var GoSquared = {};
    GoSquared.acct = "GSN-698677-B";
    (function(w){
      function gs(){
        w._gstc_lt = +new Date;
        var d = document, g = d.createElement("script");
        g.type = "text/javascript";
        g.src = "//d1l6p2sc9645hc.cloudfront.net/tracker.js";
        var s = d.getElementsByTagName("script")[0];
        s.parentNode.insertBefore(g, s);
      }
      w.addEventListener ?
        w.addEventListener("load", gs, false) :
        w.attachEvent("onload", gs);
    })(window);
  </script>
  <!-- Chartbeat -->
  <script type="text/javascript">
    var _sf_async_config = { uid: 48315, domain: 'magnusrising.com', useCanonical: true };
    (function() {
      function loadChartbeat() {
        window._sf_endpt = (new Date()).getTime();
        var e = document.createElement('script');
        e.setAttribute('language', 'javascript');
        e.setAttribute('type', 'text/javascript');
        e.setAttribute('src','//static.chartbeat.com/js/chartbeat.js');
        document.body.appendChild(e);
      };
      var oldonload = window.onload;
      window.onload = (typeof window.onload != 'function') ?
        loadChartbeat : function() { oldonload(); loadChartbeat(); };
    })();
  </script>
  <!-- Google Analytics-->
  <script>
    (function(i,s,o,g,r,a,m){i['GoogleAnalyticsObject']=r;i[r]=i[r]||function(){
    (i[r].q=i[r].q||[]).push(arguments)},i[r].l=1*new Date();a=s.createElement(o),
    m=s.getElementsByTagName(o)[0];a.async=1;a.src=g;m.parentNode.insertBefore(a,m)
    })(window,document,'script','//www.google-analytics.com/analytics.js','ga');
    ga('create', 'UA-41297818-1', 'magnusrising.com');
    ga('send', 'pageview');
  </script>
</body>
</html>

' in /nfs/c01/h12/mnt/45094/domains/magnusrising.com/html/_app/vendor/Lex/Parser.php:1191
Stack trace:
#0 /nfs/c01/h12/mnt/45094/domains/magnusrising.com/html/_app/vendor/Lex/Parser.php(549): Lex\Parser->parsePhp('<!doctype html>...')
#1 /nfs/c01/h12/mnt/45094/domains/magnusrising.com/html/_app/vendor/Lex/Parser.php(76): Lex\Parser->parseConditionals('<!doctype html>...', Array, Array)
#2 /nfs/c01/h12/mnt/45094/domains/magnusrising.com/html/_app/core/view.php(125): Lex\Parser->parse('<!doctype html>...', Array, Array, true)
#3 /nfs/c01/h12/mnt/45094/domains/magnusrising.com/html/_app/core/view.php(99): Statamic_View->_render_layout('<div class="blo...', 'html')
#4 /nfs/c01/h12/mnt/45094/domains/magnusrising.com/html/_app/vendor/Slim/View.php(195): Statamic_View->render(NULL)
#5 /nfs/c01/h12/mnt/45094/domains/magnusrising.com/html/_app/vendor/Slim/View.php(182): Slim\View->fetch(NULL)
#6 /nfs/c01/h12/mnt/45094/domains/magnusrising.com/html/_app/vendor/Slim/Slim.php(672): Slim\View->display(NULL)
#7 /nfs/c01/h12/mnt/45094/domains/magnusrising.com/html/_app/routes.php(274): Slim\Slim->render(NULL, Array, 404)
#8 [internal function]: {closure}(Array)
#9 /nfs/c01/h12/mnt/45094/domains/magnusrising.com/html/_app/vendor/Slim/Router.php(172): call_user_func_array(Object(Closure), Array)
#10 /nfs/c01/h12/mnt/45094/domains/magnusrising.com/html/_app/vendor/Slim/Slim.php(1222): Slim\Router->dispatch(Object(Slim\Route))
#11 /nfs/c01/h12/mnt/45094/domains/magnusrising.com/html/_app/vendor/Slim/Middleware/Flash.php(86): Slim\Slim->call()
#12 /nfs/c01/h12/mnt/45094/domains/magnusrising.com/html/_app/vendor/Slim/Middleware/MethodOverride.php(94): Slim\Middleware\Flash->call()
#13 /nfs/c01/h12/mnt/45094/domains/magnusrising.com/html/_app/vendor/Slim/Middleware/SessionCookie.php(116): Slim\Middleware\MethodOverride->call()
#14 /nfs/c01/h12/mnt/45094/domains/magnusrising.com/html/_app/vendor/Slim/Middleware/PrettyExceptions.php(67): Slim\Middleware\SessionCookie->call()
#15 /nfs/c01/h12/mnt/45094/domains/magnusrising.com/html/_app/vendor/Slim/Slim.php(1174): Slim\Middleware\PrettyExceptions->call()
#16 /nfs/c01/h12/mnt/45094/domains/magnusrising.com/html/index.php(65): Slim\Slim->run()
#17 {main}
ERROR|Fri, 01 Nov 2013 04:09:59 -0400|page|content|/{{%20theme:css%20%20}}|174.6.113.157|live|404 - Page not found. There is a bad link on <a href="/">/</a>.
FATAL|Fri, 01 Nov 2013 04:09:59 -0400|Lex|Parser|/{{%20theme:css%20%20}}|174.6.113.157|live|You have a syntax error in your Lex tags. The offending code: <!doctype html>
<html>

<head>
  <script type="text/javascript">var _sf_startpt=(new Date()).getTime()</script>
  <meta charset="utf-8">
  <meta name="viewport" content="width=device-width, initial-scale=1">
  <title>{{ title }} · {{ _site_name }}</title>
  <link rel="stylesheet" href="{{ theme:css  }}">

  <script type="text/javascript" src="//use.typekit.net/smx7oto.js"></script>
  <script type="text/javascript">try{Typekit.load();}catch(e){}</script>
  <script type="text/javascript" src="https://gumroad.com/js/gumroad.js"></script>
  <script type="text/javascript" src="{{ theme:js src="jquery-1.7.2.min.js" }}"></script>
  <script type="text/javascript" src="{{ theme:js src="jquery.fitvids.js" }}"></script>
  <script type="text/javascript" src="{{ theme:js }}"></script>
</head>

<body>
  <div id="fb-root"></div>
  <script>(function(d, s, id) {
    var js, fjs = d.getElementsByTagName(s)[0];
    if (d.getElementById(id)) return;
    js = d.createElement(s); js.id = id;
    js.src = "//connect.facebook.net/en_US/all.js#xfbml=1&appId=131662193540058";
    fjs.parentNode.insertBefore(js, fjs);
  }(document, 'script', 'facebook-jssdk'));</script>
  
  <div class="container">
    <header role="banner">
      {{ theme:partial src="nav" }}
    </header>
    
    <div class="content">
      if (null = null): 
      <div class="vid" style="margin-bottom: 2em;">
        <iframe src="//player.vimeo.com/video/74803912?autoplay=1&amp;title=0&amp;byline=0&amp;portrait=0&amp;color=a02328" width="1554" height="646" frameborder="0" webkitallowfullscreen mozallowfullscreen allowfullscreen></iframe>
      </div>
      endif; 
      <div role="main">
        {{ layout_content }}
      </div>
      {{ theme:partial src="aside1" }}
      {{ theme:partial src="aside2" }}
    </div>
  </div>
  <!-- GoSquared -->
  <script type="text/javascript">
    var GoSquared = {};
    GoSquared.acct = "GSN-698677-B";
    (function(w){
      function gs(){
        w._gstc_lt = +new Date;
        var d = document, g = d.createElement("script");
        g.type = "text/javascript";
        g.src = "//d1l6p2sc9645hc.cloudfront.net/tracker.js";
        var s = d.getElementsByTagName("script")[0];
        s.parentNode.insertBefore(g, s);
      }
      w.addEventListener ?
        w.addEventListener("load", gs, false) :
        w.attachEvent("onload", gs);
    })(window);
  </script>
  <!-- Chartbeat -->
  <script type="text/javascript">
    var _sf_async_config = { uid: 48315, domain: 'magnusrising.com', useCanonical: true };
    (function() {
      function loadChartbeat() {
        window._sf_endpt = (new Date()).getTime();
        var e = document.createElement('script');
        e.setAttribute('language', 'javascript');
        e.setAttribute('type', 'text/javascript');
        e.setAttribute('src','//static.chartbeat.com/js/chartbeat.js');
        document.body.appendChild(e);
      };
      var oldonload = window.onload;
      window.onload = (typeof window.onload != 'function') ?
        loadChartbeat : function() { oldonload(); loadChartbeat(); };
    })();
  </script>
  <!-- Google Analytics-->
  <script>
    (function(i,s,o,g,r,a,m){i['GoogleAnalyticsObject']=r;i[r]=i[r]||function(){
    (i[r].q=i[r].q||[]).push(arguments)},i[r].l=1*new Date();a=s.createElement(o),
    m=s.getElementsByTagName(o)[0];a.async=1;a.src=g;m.parentNode.insertBefore(a,m)
    })(window,document,'script','//www.google-analytics.com/analytics.js','ga');
    ga('create', 'UA-41297818-1', 'magnusrising.com');
    ga('send', 'pageview');
  </script>
</body>
</html>

 on line 1191.
exception 'Lex\ParsingException' with message 'You have a syntax error in your Lex tags. The offending code: <!doctype html>
<html>

<head>
  <script type="text/javascript">var _sf_startpt=(new Date()).getTime()</script>
  <meta charset="utf-8">
  <meta name="viewport" content="width=device-width, initial-scale=1">
  <title>{{ title }} · {{ _site_name }}</title>
  <link rel="stylesheet" href="{{ theme:css  }}">

  <script type="text/javascript" src="//use.typekit.net/smx7oto.js"></script>
  <script type="text/javascript">try{Typekit.load();}catch(e){}</script>
  <script type="text/javascript" src="https://gumroad.com/js/gumroad.js"></script>
  <script type="text/javascript" src="{{ theme:js src="jquery-1.7.2.min.js" }}"></script>
  <script type="text/javascript" src="{{ theme:js src="jquery.fitvids.js" }}"></script>
  <script type="text/javascript" src="{{ theme:js }}"></script>
</head>

<body>
  <div id="fb-root"></div>
  <script>(function(d, s, id) {
    var js, fjs = d.getElementsByTagName(s)[0];
    if (d.getElementById(id)) return;
    js = d.createElement(s); js.id = id;
    js.src = "//connect.facebook.net/en_US/all.js#xfbml=1&appId=131662193540058";
    fjs.parentNode.insertBefore(js, fjs);
  }(document, 'script', 'facebook-jssdk'));</script>
  
  <div class="container">
    <header role="banner">
      {{ theme:partial src="nav" }}
    </header>
    
    <div class="content">
      if (null = null): 
      <div class="vid" style="margin-bottom: 2em;">
        <iframe src="//player.vimeo.com/video/74803912?autoplay=1&amp;title=0&amp;byline=0&amp;portrait=0&amp;color=a02328" width="1554" height="646" frameborder="0" webkitallowfullscreen mozallowfullscreen allowfullscreen></iframe>
      </div>
      endif; 
      <div role="main">
        {{ layout_content }}
      </div>
      {{ theme:partial src="aside1" }}
      {{ theme:partial src="aside2" }}
    </div>
  </div>
  <!-- GoSquared -->
  <script type="text/javascript">
    var GoSquared = {};
    GoSquared.acct = "GSN-698677-B";
    (function(w){
      function gs(){
        w._gstc_lt = +new Date;
        var d = document, g = d.createElement("script");
        g.type = "text/javascript";
        g.src = "//d1l6p2sc9645hc.cloudfront.net/tracker.js";
        var s = d.getElementsByTagName("script")[0];
        s.parentNode.insertBefore(g, s);
      }
      w.addEventListener ?
        w.addEventListener("load", gs, false) :
        w.attachEvent("onload", gs);
    })(window);
  </script>
  <!-- Chartbeat -->
  <script type="text/javascript">
    var _sf_async_config = { uid: 48315, domain: 'magnusrising.com', useCanonical: true };
    (function() {
      function loadChartbeat() {
        window._sf_endpt = (new Date()).getTime();
        var e = document.createElement('script');
        e.setAttribute('language', 'javascript');
        e.setAttribute('type', 'text/javascript');
        e.setAttribute('src','//static.chartbeat.com/js/chartbeat.js');
        document.body.appendChild(e);
      };
      var oldonload = window.onload;
      window.onload = (typeof window.onload != 'function') ?
        loadChartbeat : function() { oldonload(); loadChartbeat(); };
    })();
  </script>
  <!-- Google Analytics-->
  <script>
    (function(i,s,o,g,r,a,m){i['GoogleAnalyticsObject']=r;i[r]=i[r]||function(){
    (i[r].q=i[r].q||[]).push(arguments)},i[r].l=1*new Date();a=s.createElement(o),
    m=s.getElementsByTagName(o)[0];a.async=1;a.src=g;m.parentNode.insertBefore(a,m)
    })(window,document,'script','//www.google-analytics.com/analytics.js','ga');
    ga('create', 'UA-41297818-1', 'magnusrising.com');
    ga('send', 'pageview');
  </script>
</body>
</html>

' in /nfs/c01/h12/mnt/45094/domains/magnusrising.com/html/_app/vendor/Lex/Parser.php:1191
Stack trace:
#0 /nfs/c01/h12/mnt/45094/domains/magnusrising.com/html/_app/vendor/Lex/Parser.php(549): Lex\Parser->parsePhp('<!doctype html>...')
#1 /nfs/c01/h12/mnt/45094/domains/magnusrising.com/html/_app/vendor/Lex/Parser.php(76): Lex\Parser->parseConditionals('<!doctype html>...', Array, Array)
#2 /nfs/c01/h12/mnt/45094/domains/magnusrising.com/html/_app/core/view.php(125): Lex\Parser->parse('<!doctype html>...', Array, Array, true)
#3 /nfs/c01/h12/mnt/45094/domains/magnusrising.com/html/_app/core/view.php(99): Statamic_View->_render_layout('<div class="blo...', 'html')
#4 /nfs/c01/h12/mnt/45094/domains/magnusrising.com/html/_app/vendor/Slim/View.php(195): Statamic_View->render(NULL)
#5 /nfs/c01/h12/mnt/45094/domains/magnusrising.com/html/_app/vendor/Slim/View.php(182): Slim\View->fetch(NULL)
#6 /nfs/c01/h12/mnt/45094/domains/magnusrising.com/html/_app/vendor/Slim/Slim.php(672): Slim\View->display(NULL)
#7 /nfs/c01/h12/mnt/45094/domains/magnusrising.com/html/_app/routes.php(274): Slim\Slim->render(NULL, Array, 404)
#8 [internal function]: {closure}(Array)
#9 /nfs/c01/h12/mnt/45094/domains/magnusrising.com/html/_app/vendor/Slim/Router.php(172): call_user_func_array(Object(Closure), Array)
#10 /nfs/c01/h12/mnt/45094/domains/magnusrising.com/html/_app/vendor/Slim/Slim.php(1222): Slim\Router->dispatch(Object(Slim\Route))
#11 /nfs/c01/h12/mnt/45094/domains/magnusrising.com/html/_app/vendor/Slim/Middleware/Flash.php(86): Slim\Slim->call()
#12 /nfs/c01/h12/mnt/45094/domains/magnusrising.com/html/_app/vendor/Slim/Middleware/MethodOverride.php(94): Slim\Middleware\Flash->call()
#13 /nfs/c01/h12/mnt/45094/domains/magnusrising.com/html/_app/vendor/Slim/Middleware/SessionCookie.php(116): Slim\Middleware\MethodOverride->call()
#14 /nfs/c01/h12/mnt/45094/domains/magnusrising.com/html/_app/vendor/Slim/Middleware/PrettyExceptions.php(67): Slim\Middleware\SessionCookie->call()
#15 /nfs/c01/h12/mnt/45094/domains/magnusrising.com/html/_app/vendor/Slim/Slim.php(1174): Slim\Middleware\PrettyExceptions->call()
#16 /nfs/c01/h12/mnt/45094/domains/magnusrising.com/html/index.php(65): Slim\Slim->run()
#17 {main}
INFO|Fri, 01 Nov 2013 04:25:58 -0400|site|favicon|/favicon.ico|174.6.113.157|live|The site favicon could not be found.
INFO|Fri, 01 Nov 2013 04:51:53 -0400|site|favicon|/favicon.ico|174.6.113.157|live|The site favicon could not be found.
ERROR|Fri, 01 Nov 2013 05:24:43 -0400|visitor|content|/_themes/magnus/img/album/whateverittakes.jpg|174.6.113.157|live|404 - Page not found. Visitor came directly to this page and may have typed the URL incorrectly.
ERROR|Fri, 01 Nov 2013 05:58:36 -0400|visitor|content|//use.typekit.net/smx7oto.js|79.116.25.98|live|404 - Page not found. Visitor came directly to this page and may have typed the URL incorrectly.
ERROR|Fri, 01 Nov 2013 05:58:42 -0400|visitor|content|/about/tour|79.116.25.98|live|404 - Page not found. Visitor came directly to this page and may have typed the URL incorrectly.
ERROR|Fri, 01 Nov 2013 05:58:43 -0400|visitor|content|/music/tour|79.116.25.98|live|404 - Page not found. Visitor came directly to this page and may have typed the URL incorrectly.
ERROR|Fri, 01 Nov 2013 05:58:49 -0400|visitor|content|/news/tour|79.116.25.98|live|404 - Page not found. Visitor came directly to this page and may have typed the URL incorrectly.
ERROR|Fri, 01 Nov 2013 05:58:53 -0400|visitor|content|/tour/tour|79.116.25.98|live|404 - Page not found. Visitor came directly to this page and may have typed the URL incorrectly.
ERROR|Fri, 01 Nov 2013 06:44:57 -0400|visitor|content|/robots.txt|65.55.215.99|live|404 - Page not found. Visitor came directly to this page and may have typed the URL incorrectly.
INFO|Fri, 01 Nov 2013 11:06:22 -0400|site|favicon|/favicon.ico|70.68.118.34|live|The site favicon could not be found.
INFO|Fri, 01 Nov 2013 11:06:23 -0400|site|favicon|/favicon.ico|70.68.118.34|live|The site favicon could not be found.
ERROR|Fri, 01 Nov 2013 11:55:06 -0400|visitor|content|/robots.txt|178.255.215.67|live|404 - Page not found. Visitor came directly to this page and may have typed the URL incorrectly.
ERROR|Fri, 01 Nov 2013 11:56:14 -0400|visitor|content|/robots.txt|157.56.93.187|live|404 - Page not found. Visitor came directly to this page and may have typed the URL incorrectly.
ERROR|Fri, 01 Nov 2013 12:19:28 -0400|visitor|content|/_themes/magnus/img/album/whateverittakes.jpg|66.220.152.117|live|404 - Page not found. Visitor came directly to this page and may have typed the URL incorrectly.
ERROR|Fri, 01 Nov 2013 12:19:30 -0400|visitor|content|/_themes/magnus/img/album/whateverittakes.jpg|66.220.152.118|live|404 - Page not found. Visitor came directly to this page and may have typed the URL incorrectly.
INFO|Fri, 01 Nov 2013 12:44:32 -0400|site|favicon|/favicon.ico|70.68.118.34|live|The site favicon could not be found.
INFO|Fri, 01 Nov 2013 12:44:32 -0400|site|favicon|/favicon.ico|70.68.118.34|live|The site favicon could not be found.
INFO|Fri, 01 Nov 2013 12:44:32 -0400|site|favicon|/favicon.ico|184.151.231.134|live|The site favicon could not be found.
ERROR|Fri, 01 Nov 2013 12:56:10 -0400|visitor|content|/robots.txt|199.30.20.131|live|404 - Page not found. Visitor came directly to this page and may have typed the URL incorrectly.
INFO|Fri, 01 Nov 2013 13:08:12 -0400|site|favicon|/favicon.ico|209.128.31.94|live|The site favicon could not be found.
ERROR|Fri, 01 Nov 2013 13:24:59 -0400|visitor|content|/robots.txt|66.249.73.64|live|404 - Page not found. Visitor came directly to this page and may have typed the URL incorrectly.
INFO|Fri, 01 Nov 2013 13:25:53 -0400|site|favicon|/favicon.ico|70.39.231.189|live|The site favicon could not be found.
INFO|Fri, 01 Nov 2013 13:25:55 -0400|site|favicon|/favicon.ico|70.39.231.189|live|The site favicon could not be found.
INFO|Fri, 01 Nov 2013 14:50:39 -0400|site|favicon|/favicon.ico|66.249.82.154|live|The site favicon could not be found.
ERROR|Fri, 01 Nov 2013 16:48:56 -0400|visitor|content|/robots.txt|157.56.93.187|live|404 - Page not found. Visitor came directly to this page and may have typed the URL incorrectly.
ERROR|Fri, 01 Nov 2013 17:12:04 -0400|visitor|content|/_themes/magnus/img/album/whateverittakes.jpg|173.252.110.119|live|404 - Page not found. Visitor came directly to this page and may have typed the URL incorrectly.
ERROR|Fri, 01 Nov 2013 17:12:05 -0400|visitor|content|/_themes/magnus/img/album/whateverittakes.jpg|173.252.110.118|live|404 - Page not found. Visitor came directly to this page and may have typed the URL incorrectly.
INFO|Fri, 01 Nov 2013 18:20:19 -0400|site|favicon|/favicon.ico|70.68.131.212|live|The site favicon could not be found.
INFO|Fri, 01 Nov 2013 18:22:39 -0400|site|favicon|/favicon.ico|70.35.42.138|live|The site favicon could not be found.
INFO|Fri, 01 Nov 2013 18:35:53 -0400|site|favicon|/favicon.ico|154.5.26.50|live|The site favicon could not be found.
ERROR|Fri, 01 Nov 2013 19:04:30 -0400|visitor|content|/_themes/magnus/img/album/whateverittakes.jpg|173.252.112.113|live|404 - Page not found. Visitor came directly to this page and may have typed the URL incorrectly.
ERROR|Fri, 01 Nov 2013 19:04:31 -0400|visitor|content|/_themes/magnus/img/album/whateverittakes.jpg|173.252.112.114|live|404 - Page not found. Visitor came directly to this page and may have typed the URL incorrectly.
INFO|Fri, 01 Nov 2013 19:08:30 -0400|site|favicon|/favicon.ico|184.151.222.208|live|The site favicon could not be found.
ERROR|Fri, 01 Nov 2013 19:12:59 -0400|visitor|content|/robots.txt|199.30.20.131|live|404 - Page not found. Visitor came directly to this page and may have typed the URL incorrectly.
INFO|Fri, 01 Nov 2013 19:18:16 -0400|site|favicon|/favicon.ico|66.249.82.72|live|The site favicon could not be found.
INFO|Fri, 01 Nov 2013 19:40:29 -0400|site|favicon|/favicon.ico|96.50.76.232|live|The site favicon could not be found.
INFO|Fri, 01 Nov 2013 19:42:35 -0400|site|favicon|/favicon.ico|72.136.137.43|live|The site favicon could not be found.
ERROR|Fri, 01 Nov 2013 20:11:21 -0400|visitor|content|/_themes/magnus/img/album/whateverittakes.jpg|66.220.152.114|live|404 - Page not found. Visitor came directly to this page and may have typed the URL incorrectly.
ERROR|Fri, 01 Nov 2013 20:11:21 -0400|visitor|content|/_themes/magnus/img/album/whateverittakes.jpg|66.220.152.114|live|404 - Page not found. Visitor came directly to this page and may have typed the URL incorrectly.
INFO|Fri, 01 Nov 2013 20:14:05 -0400|site|favicon|/favicon.ico|24.235.176.62|live|The site favicon could not be found.
ERROR|Fri, 01 Nov 2013 20:40:50 -0400|visitor|content|/robots.txt|65.55.215.99|live|404 - Page not found. Visitor came directly to this page and may have typed the URL incorrectly.
INFO|Fri, 01 Nov 2013 20:55:18 -0400|site|favicon|/favicon.ico|70.68.118.34|live|The site favicon could not be found.
INFO|Fri, 01 Nov 2013 21:00:28 -0400|site|favicon|/favicon.ico|50.67.251.38|live|The site favicon could not be found.
INFO|Fri, 01 Nov 2013 21:24:24 -0400|site|favicon|/favicon.ico|70.68.4.23|live|The site favicon could not be found.
INFO|Fri, 01 Nov 2013 21:26:20 -0400|site|favicon|/favicon.ico|174.1.156.141|live|The site favicon could not be found.
INFO|Fri, 01 Nov 2013 21:46:11 -0400|site|favicon|/favicon.ico|23.16.197.203|live|The site favicon could not be found.
ERROR|Fri, 01 Nov 2013 22:21:27 -0400|visitor|content|/_themes/magnus/img/album/whateverittakes.jpg|66.220.152.113|live|404 - Page not found. Visitor came directly to this page and may have typed the URL incorrectly.
ERROR|Fri, 01 Nov 2013 22:21:28 -0400|visitor|content|/_themes/magnus/img/album/whateverittakes.jpg|66.220.152.119|live|404 - Page not found. Visitor came directly to this page and may have typed the URL incorrectly.
INFO|Fri, 01 Nov 2013 22:22:18 -0400|site|favicon|/favicon.ico|174.1.241.128|live|The site favicon could not be found.
INFO|Fri, 01 Nov 2013 22:32:18 -0400|site|favicon|/favicon.ico|24.108.136.77|live|The site favicon could not be found.
INFO|Fri, 01 Nov 2013 22:36:55 -0400|site|favicon|/favicon.ico|24.108.136.77|live|The site favicon could not be found.
INFO|Fri, 01 Nov 2013 22:36:56 -0400|site|favicon|/favicon.ico|24.108.136.77|live|The site favicon could not be found.
INFO|Fri, 01 Nov 2013 22:39:29 -0400|site|favicon|/favicon.ico|24.108.136.77|live|The site favicon could not be found.
ERROR|Fri, 01 Nov 2013 22:40:59 -0400|visitor|content|/itunes|180.76.5.176|live|404 - Page not found. Visitor came directly to this page and may have typed the URL incorrectly.
ERROR|Fri, 01 Nov 2013 23:01:01 -0400|visitor|content|/robots.txt|218.30.103.36|live|404 - Page not found. Visitor came directly to this page and may have typed the URL incorrectly.
ERROR|Fri, 01 Nov 2013 23:19:18 -0400|visitor|content|/robots.txt|218.30.103.118|live|404 - Page not found. Visitor came directly to this page and may have typed the URL incorrectly.
INFO|Fri, 01 Nov 2013 23:27:35 -0400|site|favicon|/favicon.ico|66.249.85.32|live|The site favicon could not be found.
INFO|Fri, 01 Nov 2013 23:29:35 -0400|site|favicon|/favicon.ico|205.250.176.127|live|The site favicon could not be found.
